<?xml version="1.0" encoding="UTF-8"?>
<!-- Generated by org.testng.reporters.JUnitXMLReporter -->
<testsuite hostname="WIN-BVRET0KIAI3" name="Starter Plan test" tests="1" failures="0" timestamp="4 Nov 2014 10:18:12 GMT" time="0.042" errors="0">
  <testcase name="@BeforeTest isExecutable" time="0.0" classname="TestCases.TestPricing_Starter">
    <failure type="org.openqa.selenium.NoSuchWindowException" message="Window not found. The browser window may have been closed.
Command duration or timeout: 19 milliseconds
Build info: version: &amp;apos;2.44.0&amp;apos;, revision: &amp;apos;76d78cf&amp;apos;, time: &amp;apos;2014-10-23 20:03:00&amp;apos;
System info: host: &amp;apos;WIN-BVRET0KIAI3&amp;apos;, ip: &amp;apos;192.168.58.128&amp;apos;, os.name: &amp;apos;Windows 7&amp;apos;, os.arch: &amp;apos;x86&amp;apos;, os.version: &amp;apos;6.1&amp;apos;, java.version: &amp;apos;1.8.0_25&amp;apos;
Driver info: org.openqa.selenium.firefox.FirefoxDriver
Capabilities [{applicationCacheEnabled=true, rotatable=false, handlesAlerts=true, databaseEnabled=true, version=33.0.2, platform=WINDOWS, nativeEvents=true, acceptSslCerts=true, webStorageEnabled=true, locationContextEnabled=true, browserName=firefox, takesScreenshot=true, javascriptEnabled=true, cssSelectorsEnabled=true}]
Session ID: e85da8fb-a826-42fa-97c1-478c4474a7e8">
      <![CDATA[org.openqa.selenium.NoSuchWindowException: Window not found. The browser window may have been closed.
Command duration or timeout: 19 milliseconds
Build info: version: '2.44.0', revision: '76d78cf', time: '2014-10-23 20:03:00'
System info: host: 'WIN-BVRET0KIAI3', ip: '192.168.58.128', os.name: 'Windows 7', os.arch: 'x86', os.version: '6.1', java.version: '1.8.0_25'
Driver info: org.openqa.selenium.firefox.FirefoxDriver
Capabilities [{applicationCacheEnabled=true, rotatable=false, handlesAlerts=true, databaseEnabled=true, version=33.0.2, platform=WINDOWS, nativeEvents=true, acceptSslCerts=true, webStorageEnabled=true, locationContextEnabled=true, browserName=firefox, takesScreenshot=true, javascriptEnabled=true, cssSelectorsEnabled=true}]
Session ID: e85da8fb-a826-42fa-97c1-478c4474a7e8
	at org.openqa.selenium.remote.ErrorHandler.createThrowable(ErrorHandler.java:204)
	at org.openqa.selenium.remote.ErrorHandler.throwIfResponseFailed(ErrorHandler.java:156)
	at org.openqa.selenium.remote.RemoteWebDriver.execute(RemoteWebDriver.java:599)
	at org.openqa.selenium.remote.RemoteWebDriver.execute(RemoteWebDriver.java:614)
	at org.openqa.selenium.remote.RemoteWebDriver.getTitle(RemoteWebDriver.java:313)
	at Core.TestCore.isExecutable(TestCore.java:69)
Caused by: org.openqa.selenium.NoSuchWindowException: Window not found. The browser window may have been closed.
Build info: version: '2.44.0', revision: '76d78cf', time: '2014-10-23 20:03:00'
System info: host: 'WIN-BVRET0KIAI3', ip: '192.168.58.128', os.name: 'Windows 7', os.arch: 'x86', os.version: '6.1', java.version: '1.8.0_25'
Driver info: driver.version: unknown
	at <anonymous class>.nsCommandProcessor.prototype.execute(file:///C:/Users/JATIN/AppData/Local/Temp/anonymous9208521228815450944webdriver-profile/extensions/fxdriver@googlecode.com/components/command-processor.js:11706:23)
	at <anonymous class>.Dispatcher.executeAs/<(file:///C:/Users/JATIN/AppData/Local/Temp/anonymous9208521228815450944webdriver-profile/extensions/fxdriver@googlecode.com/components/driver-component.js:8437:5)
	at <anonymous class>.Resource.prototype.handle(file:///C:/Users/JATIN/AppData/Local/Temp/anonymous9208521228815450944webdriver-profile/extensions/fxdriver@googlecode.com/components/driver-component.js:8584:219)
	at <anonymous class>.Dispatcher.prototype.dispatch(file:///C:/Users/JATIN/AppData/Local/Temp/anonymous9208521228815450944webdriver-profile/extensions/fxdriver@googlecode.com/components/driver-component.js:8531:36)
	at <anonymous class>.WebDriverServer/<.handle(file:///C:/Users/JATIN/AppData/Local/Temp/anonymous9208521228815450944webdriver-profile/extensions/fxdriver@googlecode.com/components/driver-component.js:11489:5)
	at <anonymous class>.createHandlerFunc/<(file:///C:/Users/JATIN/AppData/Local/Temp/anonymous9208521228815450944webdriver-profile/extensions/fxdriver@googlecode.com/components/httpd.js:1935:41)
	at <anonymous class>.ServerHandler.prototype.handleResponse(file:///C:/Users/JATIN/AppData/Local/Temp/anonymous9208521228815450944webdriver-profile/extensions/fxdriver@googlecode.com/components/httpd.js:2261:15)
	at <anonymous class>.Connection.prototype.process(file:///C:/Users/JATIN/AppData/Local/Temp/anonymous9208521228815450944webdriver-profile/extensions/fxdriver@googlecode.com/components/httpd.js:1168:5)
	at <anonymous class>.RequestReader.prototype._handleResponse(file:///C:/Users/JATIN/AppData/Local/Temp/anonymous9208521228815450944webdriver-profile/extensions/fxdriver@googlecode.com/components/httpd.js:1616:5)
	at <anonymous class>.RequestReader.prototype._processBody(file:///C:/Users/JATIN/AppData/Local/Temp/anonymous9208521228815450944webdriver-profile/extensions/fxdriver@googlecode.com/components/httpd.js:1464:9)
	at <anonymous class>.RequestReader.prototype.onInputStreamReady(file:///C:/Users/JATIN/AppData/Local/Temp/anonymous9208521228815450944webdriver-profile/extensions/fxdriver@googlecode.com/components/httpd.js:1333:9)
... Removed 26 stack frames]]>
    </failure>
  </testcase> <!-- @BeforeTest isExecutable -->
  <testcase name="selectprice" time="0.001" classname="TestCases.TestPricing_Starter">
    <skipped/>
  </testcase> <!-- selectprice -->
</testsuite> <!-- Starter Plan test -->
